<?xml version="1.0" encoding="UTF-8"?>
<!-- Generated by org.testng.reporters.JUnitXMLReporter -->
<testsuite ignored="6" hostname="Sais-MacBook-Air.local" failures="1" tests="1" name="Default test(failed)" time="65.938" errors="0" timestamp="2025-02-21T23:07:31 IST">
  <testcase classname="iOS_Practice.iOSAppGestures" name="iOSSlide" time="65.915">
    <failure type="org.openqa.selenium.NoSuchElementException" message="An element could not be located on the page using the given search parameters.
For documentation on this error, please visit: https://www.selenium.dev/documentation/webdriver/troubleshooting/errors#no-such-element-exception
Build info: version: &amp;apos;4.29.0&amp;apos;, revision: &amp;apos;5fc1ec94cb&amp;apos;
System info: os.name: &amp;apos;Mac OS X&amp;apos;, os.arch: &amp;apos;aarch64&amp;apos;, os.version: &amp;apos;15.2&amp;apos;, java.version: &amp;apos;21.0.5&amp;apos;
Driver info: io.appium.java_client.ios.IOSDriver
Command: [53bec8bd-b05e-4b72-974f-9f6448040923, findElement {value=**/XCUIElementTypeSlider[`name == &amp;apos;AppElem&amp;apos;`], using=-ios class chain}]
Capabilities {appium:app: //Users//saikiran_rao//Docu..., appium:automationName: XCuiTest, appium:databaseEnabled: false, appium:deviceName: iPhone 16 Pro, appium:javascriptEnabled: true, appium:locationContextEnabled: false, appium:networkConnectionEnabled: false, appium:platformVersion: 18.2, appium:takesScreenshot: true, appium:udid: 1BC4593A-24AE-4025-AC63-932..., appium:wdaLaunchTimeout: 5000000, appium:webStorageEnabled: false, platformName: IOS}
Session ID: 53bec8bd-b05e-4b72-974f-9f6448040923">
      <![CDATA[org.openqa.selenium.NoSuchElementException: An element could not be located on the page using the given search parameters.
For documentation on this error, please visit: https://www.selenium.dev/documentation/webdriver/troubleshooting/errors#no-such-element-exception
Build info: version: '4.29.0', revision: '5fc1ec94cb'
System info: os.name: 'Mac OS X', os.arch: 'aarch64', os.version: '15.2', java.version: '21.0.5'
Driver info: io.appium.java_client.ios.IOSDriver
Command: [53bec8bd-b05e-4b72-974f-9f6448040923, findElement {value=**/XCUIElementTypeSlider[`name == 'AppElem'`], using=-ios class chain}]
Capabilities {appium:app: //Users//saikiran_rao//Docu..., appium:automationName: XCuiTest, appium:databaseEnabled: false, appium:deviceName: iPhone 16 Pro, appium:javascriptEnabled: true, appium:locationContextEnabled: false, appium:networkConnectionEnabled: false, appium:platformVersion: 18.2, appium:takesScreenshot: true, appium:udid: 1BC4593A-24AE-4025-AC63-932..., appium:wdaLaunchTimeout: 5000000, appium:webStorageEnabled: false, platformName: IOS}
Session ID: 53bec8bd-b05e-4b72-974f-9f6448040923
at org.openqa.selenium.remote.ErrorCodec.decode(ErrorCodec.java:167)
at org.openqa.selenium.remote.codec.w3c.W3CHttpResponseCodec.decode(W3CHttpResponseCodec.java:138)
at org.openqa.selenium.remote.codec.w3c.W3CHttpResponseCodec.decode(W3CHttpResponseCodec.java:50)
at org.openqa.selenium.remote.HttpCommandExecutor.execute(HttpCommandExecutor.java:215)
at io.appium.java_client.remote.AppiumCommandExecutor.execute(AppiumCommandExecutor.java:237)
at org.openqa.selenium.remote.RemoteWebDriver.execute(RemoteWebDriver.java:545)
at org.openqa.selenium.remote.ElementLocation$ElementFinder$2.findElement(ElementLocation.java:165)
at org.openqa.selenium.remote.ElementLocation.findElement(ElementLocation.java:66)
at org.openqa.selenium.remote.RemoteWebDriver.findElement(RemoteWebDriver.java:368)
at org.openqa.selenium.remote.RemoteWebDriver.findElement(RemoteWebDriver.java:362)
at iOS_Practice.iOSAppGestures.iOSSlide(iOSAppGestures.java:90)
at java.base/java.util.ArrayList.forEach(ArrayList.java:1596)
... Removed 28 stack frames]]>
    </failure>
  </testcase> <!-- iOSSlide -->
  <testcase classname="iOS_Practice.InstallApp_iOS" name="losingmethods" time="0.0">
    <ignored/>
  </testcase> <!-- losingmethods -->
  <testcase classname="iOS_Practice.iOSAppGestures" name="iOSSwipe" time="0.0">
    <ignored/>
  </testcase> <!-- iOSSwipe -->
  <testcase classname="iOS_Practice.iOSAppGestures" name="iOSPicker" time="0.0">
    <ignored/>
  </testcase> <!-- iOSPicker -->
  <testcase classname="iOS_Practice.iOSAppGestures" name="iOSScroll" time="0.0">
    <ignored/>
  </testcase> <!-- iOSScroll -->
  <testcase classname="iOS_Practice.InstallApp_iOS" name="InstallApplication" time="0.0">
    <ignored/>
  </testcase> <!-- InstallApplication -->
  <testcase classname="iOS_Practice.iOSAppGestures" name="iOSLongPress" time="0.0">
    <ignored/>
  </testcase> <!-- iOSLongPress -->
</testsuite> <!-- Default test(failed) -->
